2022-09-23 04:19:48,748 - <ipython-input-1-ef261c8c5205>[line:420] - WARNING: 当前是第1代:
最优基因为00000001111000101110101110111，                x = 2.9560869999999997 best slution 2.9369223001654077 optimization:inf
2022-09-23 04:19:48,834 - <ipython-input-1-ef261c8c5205>[line:420] - WARNING: 当前是第2代:
最优基因为00000001111000101110101110111，                x = 2.9560869999999997 best slution 2.9369223001654077 optimization:0.0
2022-09-23 04:19:48,924 - <ipython-input-1-ef261c8c5205>[line:420] - WARNING: 当前是第3代:
最优基因为00000001111000101110101110111，                x = 2.9560869999999997 best slution 2.9369223001654077 optimization:0.0
2022-09-23 04:19:49,047 - <ipython-input-1-ef261c8c5205>[line:420] - WARNING: 当前是第4代:
最优基因为00000001111000101111101000011，                x = 2.956547 best slution 2.938695228798171 optimization:0.0017729286327634597
2022-09-23 04:19:49,115 - <ipython-input-1-ef261c8c5205>[line:420] - WARNING: 当前是第5代:
最优基因为00000001111000101111101011010，                x = 2.9565699999999997 best slution 2.938783897388766 optimization:8.866859059475374e-05
2022-09-23 04:19:49,160 - <ipython-input-1-ef261c8c5205>[line:420] - WARNING: 当前是第6代:
最优基因为00000001111000101111101001101，                x = 2.9565569999999997 best slution 2.9387337800999727 optimization:-5.011728879322774e-05
2022-09-23 04:19:49,262 - <ipython-input-1-ef261c8c5205>[line:420] - WARNING: 当前是第7代:
最优基因为00000001111000101111101000011，                x = 2.956547 best slution 2.938695228798171 optimization:-3.8551301801525995e-05
2022-09-23 04:19:49,375 - <ipython-input-1-ef261c8c5205>[line:420] - WARNING: 当前是第8代:
最优基因为00000001111000101111101000011，                x = 2.956547 best slution 2.938695228798171 optimization:0.0
2022-09-23 04:19:49,471 - <ipython-input-1-ef261c8c5205>[line:420] - WARNING: 当前是第9代:
最优基因为00000001111000101111101000011，                x = 2.956547 best slution 2.938695228798171 optimization:0.0
2022-09-23 04:19:49,564 - <ipython-input-1-ef261c8c5205>[line:420] - WARNING: 当前是第10代:
最优基因为00000001111000101111101000011，                x = 2.956547 best slution 2.938695228798171 optimization:0.0
2022-09-23 04:19:49,642 - <ipython-input-1-ef261c8c5205>[line:420] - WARNING: 当前是第11代:
最优基因为00000001111001011011001111101，                x = 2.9788769999999998 best slution 3.025777513027193 optimization:0.08708228422902176
2022-09-23 04:19:49,679 - <ipython-input-1-ef261c8c5205>[line:420] - WARNING: 当前是第12代:
最优基因为00000001111000111010001100100，                x = 2.961956 best slution 2.959605925286306 optimization:-0.06617158774088683
2022-09-23 04:19:49,707 - <ipython-input-1-ef261c8c5205>[line:420] - WARNING: 当前是第13代:
最优基因为00000001111000111011101000011，                x = 2.962691 best slution 2.962456389979889 optimization:0.002850464693582744
2022-09-23 04:19:49,735 - <ipython-input-1-ef261c8c5205>[line:420] - WARNING: 当前是第14代:
最优基因为00000001111000111011101000011，                x = 2.962691 best slution 2.962456389979889 optimization:0.0
2022-09-23 04:19:49,769 - <ipython-input-1-ef261c8c5205>[line:420] - WARNING: 当前是第15代:
最优基因为00000001111000111011101000011，                x = 2.962691 best slution 2.962456389979889 optimization:0.0
2022-09-23 04:19:49,798 - <ipython-input-1-ef261c8c5205>[line:420] - WARNING: 当前是第16代:
最优基因为00000001111000111011101000011，                x = 2.962691 best slution 2.962456389979889 optimization:0.0
2022-09-23 04:19:49,827 - <ipython-input-1-ef261c8c5205>[line:420] - WARNING: 当前是第17代:
最优基因为00000001111001111011001111010，                x = 2.9952579999999998 best slution 3.090935358934473 optimization:0.128478968954584
2022-09-23 04:19:49,865 - <ipython-input-1-ef261c8c5205>[line:420] - WARNING: 当前是第18代:
最优基因为00000001111001111011001111010，                x = 2.9952579999999998 best slution 3.090935358934473 optimization:0.0
2022-09-23 04:19:49,894 - <ipython-input-1-ef261c8c5205>[line:420] - WARNING: 当前是第19代:
最优基因为00000001111001111011001111010，                x = 2.9952579999999998 best slution 3.090935358934473 optimization:0.0
2022-09-23 04:19:49,924 - <ipython-input-1-ef261c8c5205>[line:420] - WARNING: 当前是第20代:
最优基因为00000001111001111011001111010，                x = 2.9952579999999998 best slution 3.090935358934473 optimization:0.0
2022-09-23 04:19:49,953 - <ipython-input-1-ef261c8c5205>[line:420] - WARNING: 当前是第21代:
最优基因为00000001111001111011001111010，                x = 2.9952579999999998 best slution 3.090935358934473 optimization:0.0
2022-09-23 04:19:49,983 - <ipython-input-1-ef261c8c5205>[line:420] - WARNING: 当前是第22代:
最优基因为00000001111000111110110100101，                x = 2.9643249999999997 best slution 2.968801083399992 optimization:-0.12213427553448097
2022-09-23 04:19:50,015 - <ipython-input-1-ef261c8c5205>[line:420] - WARNING: 当前是第23代:
最优基因为00000001111001111011001111010，                x = 2.9952579999999998 best slution 3.090935358934473 optimization:0.12213427553448097
2022-09-23 04:19:50,044 - <ipython-input-1-ef261c8c5205>[line:420] - WARNING: 当前是第24代:
最优基因为00000001111001111011001111110，                x = 2.995262 best slution 3.090951402029667 optimization:1.604309519409597e-05
2022-09-23 04:19:50,071 - <ipython-input-1-ef261c8c5205>[line:420] - WARNING: 当前是第25代:
最优基因为00000001111001111011001101101，                x = 2.9952449999999997 best slution 3.0908832193228686 optimization:-6.818270679831429e-05
2022-09-23 04:19:50,101 - <ipython-input-1-ef261c8c5205>[line:420] - WARNING: 当前是第26代:
最优基因为00000001111001111011001101101，                x = 2.9952449999999997 best slution 3.0908832193228686 optimization:0.0
2022-09-23 04:19:50,129 - <ipython-input-1-ef261c8c5205>[line:420] - WARNING: 当前是第27代:
最优基因为00000001111001111011001101101，                x = 2.9952449999999997 best slution 3.0908832193228686 optimization:0.0
2022-09-23 04:19:50,157 - <ipython-input-1-ef261c8c5205>[line:420] - WARNING: 当前是第28代:
最优基因为00000001111001111011001101101，                x = 2.9952449999999997 best slution 3.0908832193228686 optimization:0.0
2022-09-23 04:19:50,186 - <ipython-input-1-ef261c8c5205>[line:420] - WARNING: 当前是第29代:
最优基因为00000001111001111111001111011，                x = 2.9973069999999997 best slution 3.099161926792286 optimization:0.008278707469417501
2022-09-23 04:19:50,215 - <ipython-input-1-ef261c8c5205>[line:420] - WARNING: 当前是第30代:
最优基因为00000001111001111110000101110，                x = 2.996718 best slution 3.0967953966486417 optimization:-0.0023665301436444075
2022-09-23 04:19:50,244 - <ipython-input-1-ef261c8c5205>[line:420] - WARNING: 当前是第31代:
最优基因为00000001111001111111010111101，                x = 2.9973729999999996 best slution 3.0994271943969665 optimization:0.0026317977483247823
2022-09-23 04:19:50,271 - <ipython-input-1-ef261c8c5205>[line:420] - WARNING: 当前是第32代:
最优基因为00000001111001111111010111101，                x = 2.9973729999999996 best slution 3.0994271943969665 optimization:0.0
2022-09-23 04:19:50,300 - <ipython-input-1-ef261c8c5205>[line:420] - WARNING: 当前是第33代:
最优基因为00000001111001111111010111101，                x = 2.9973729999999996 best slution 3.0994271943969665 optimization:0.0
2022-09-23 04:19:50,327 - <ipython-input-1-ef261c8c5205>[line:420] - WARNING: 当前是第34代:
最优基因为00000001111001111110000101110，                x = 2.996718 best slution 3.0967953966486417 optimization:-0.0026317977483247823
2022-09-23 04:19:50,363 - <ipython-input-1-ef261c8c5205>[line:420] - WARNING: 当前是第35代:
最优基因为00000001111001101111001111101，                x = 2.989117 best slution 3.066381594544304 optimization:-0.03041380210433786
2022-09-23 04:19:50,391 - <ipython-input-1-ef261c8c5205>[line:420] - WARNING: 当前是第36代:
最优基因为00000001111001101111001111101，                x = 2.989117 best slution 3.066381594544304 optimization:0.0
2022-09-23 04:19:50,424 - <ipython-input-1-ef261c8c5205>[line:420] - WARNING: 当前是第37代:
最优基因为00000001111001101111001111101，                x = 2.989117 best slution 3.066381594544304 optimization:0.0
2022-09-23 04:19:50,452 - <ipython-input-1-ef261c8c5205>[line:420] - WARNING: 当前是第38代:
最优基因为00000001111001101111001111101，                x = 2.989117 best slution 3.066381594544304 optimization:0.0
2022-09-23 04:19:50,480 - <ipython-input-1-ef261c8c5205>[line:420] - WARNING: 当前是第39代:
最优基因为00000001111001101111010111101，                x = 2.989181 best slution 3.0666367011243407 optimization:0.00025510658003691233
2022-09-23 04:19:50,519 - <ipython-input-1-ef261c8c5205>[line:420] - WARNING: 当前是第40代:
最优基因为00000001111001101111010111101，                x = 2.989181 best slution 3.0666367011243407 optimization:0.0
2022-09-23 04:19:50,548 - <ipython-input-1-ef261c8c5205>[line:420] - WARNING: 当前是第41代:
最优基因为00000001111001101111010111101，                x = 2.989181 best slution 3.0666367011243407 optimization:0.0
2022-09-23 04:19:50,580 - <ipython-input-1-ef261c8c5205>[line:420] - WARNING: 当前是第42代:
最优基因为00000001111001101111010111101，                x = 2.989181 best slution 3.0666367011243407 optimization:0.0
2022-09-23 04:19:50,609 - <ipython-input-1-ef261c8c5205>[line:420] - WARNING: 当前是第43代:
最优基因为00000001111001101111010111101，                x = 2.989181 best slution 3.0666367011243407 optimization:0.0
2022-09-23 04:19:50,636 - <ipython-input-1-ef261c8c5205>[line:420] - WARNING: 当前是第44代:
最优基因为00000001111001101111010111101，                x = 2.989181 best slution 3.0666367011243407 optimization:0.0
2022-09-23 04:19:50,665 - <ipython-input-1-ef261c8c5205>[line:420] - WARNING: 当前是第45代:
最优基因为00000001111001101111010111101，                x = 2.989181 best slution 3.0666367011243407 optimization:0.0
2022-09-23 04:19:50,695 - <ipython-input-1-ef261c8c5205>[line:420] - WARNING: 当前是第46代:
最优基因为00000001111001101111010111101，                x = 2.989181 best slution 3.0666367011243407 optimization:0.0
2022-09-23 04:19:50,721 - <ipython-input-1-ef261c8c5205>[line:420] - WARNING: 当前是第47代:
最优基因为00000001111001101111010111101，                x = 2.989181 best slution 3.0666367011243407 optimization:0.0
2022-09-23 04:19:50,750 - <ipython-input-1-ef261c8c5205>[line:420] - WARNING: 当前是第48代:
最优基因为00000001111001101111010111110，                x = 2.989182 best slution 3.0666406872960335 optimization:3.98617169272697e-06
2022-09-23 04:19:50,778 - <ipython-input-1-ef261c8c5205>[line:420] - WARNING: 当前是第49代:
最优基因为00000001111001101111010111110，                x = 2.989182 best slution 3.0666406872960335 optimization:0.0
2022-09-23 04:19:50,809 - <ipython-input-1-ef261c8c5205>[line:420] - WARNING: 当前是第50代:
最优基因为00000001111001101111010111111，                x = 2.9891829999999997 best slution 3.0666446734717665 optimization:3.986175733050601e-06
2022-09-23 04:19:50,835 - <ipython-input-1-ef261c8c5205>[line:420] - WARNING: 当前是第51代:
最优基因为00000001111001101111010111111，                x = 2.9891829999999997 best slution 3.0666446734717665 optimization:0.0
2022-09-23 04:19:50,864 - <ipython-input-1-ef261c8c5205>[line:420] - WARNING: 当前是第52代:
最优基因为00000001111001101111010111101，                x = 2.989181 best slution 3.0666367011243407 optimization:-7.97234742577757e-06
2022-09-23 04:19:50,907 - <ipython-input-1-ef261c8c5205>[line:420] - WARNING: 当前是第53代:
最优基因为00000001111001101111010111101，                x = 2.989181 best slution 3.0666367011243407 optimization:0.0
2022-09-23 04:19:50,936 - <ipython-input-1-ef261c8c5205>[line:420] - WARNING: 当前是第54代:
最优基因为00000001111001101111010111101，                x = 2.989181 best slution 3.0666367011243407 optimization:0.0
2022-09-23 04:19:50,965 - <ipython-input-1-ef261c8c5205>[line:420] - WARNING: 当前是第55代:
最优基因为00000001111001101111010111101，                x = 2.989181 best slution 3.0666367011243407 optimization:0.0
2022-09-23 04:19:51,006 - <ipython-input-1-ef261c8c5205>[line:420] - WARNING: 当前是第56代:
最优基因为00000001111001101111010111011，                x = 2.989179 best slution 3.066628728793083 optimization:-7.972331257821708e-06
2022-09-23 04:19:51,035 - <ipython-input-1-ef261c8c5205>[line:420] - WARNING: 当前是第57代:
最优基因为00000001111001101111001111101，                x = 2.989117 best slution 3.066381594544304 optimization:-0.0002471342487790906
2022-09-23 04:19:51,066 - <ipython-input-1-ef261c8c5205>[line:420] - WARNING: 当前是第58代:
最优基因为00000001111001101111010111101，                x = 2.989181 best slution 3.0666367011243407 optimization:0.00025510658003691233
2022-09-23 04:19:51,095 - <ipython-input-1-ef261c8c5205>[line:420] - WARNING: 当前是第59代:
最优基因为00000001111001101111001111101，                x = 2.989117 best slution 3.066381594544304 optimization:-0.00025510658003691233
2022-09-23 04:19:51,122 - <ipython-input-1-ef261c8c5205>[line:420] - WARNING: 当前是第60代:
最优基因为00000001111001101111001111101，                x = 2.989117 best slution 3.066381594544304 optimization:0.0
2022-09-23 04:19:51,151 - <ipython-input-1-ef261c8c5205>[line:420] - WARNING: 当前是第61代:
最优基因为00000001111001101111001111101，                x = 2.989117 best slution 3.066381594544304 optimization:0.0
2022-09-23 04:19:51,182 - <ipython-input-1-ef261c8c5205>[line:420] - WARNING: 当前是第62代:
最优基因为00000001111001101111001111101，                x = 2.989117 best slution 3.066381594544304 optimization:0.0
2022-09-23 04:19:51,212 - <ipython-input-1-ef261c8c5205>[line:420] - WARNING: 当前是第63代:
最优基因为00000001111001101111001111101，                x = 2.989117 best slution 3.066381594544304 optimization:0.0
2022-09-23 04:19:51,243 - <ipython-input-1-ef261c8c5205>[line:420] - WARNING: 当前是第64代:
最优基因为00000001111001101111001111101，                x = 2.989117 best slution 3.066381594544304 optimization:0.0
2022-09-23 04:19:51,271 - <ipython-input-1-ef261c8c5205>[line:420] - WARNING: 当前是第65代:
最优基因为00000001111001101111001111101，                x = 2.989117 best slution 3.066381594544304 optimization:0.0
2022-09-23 04:19:51,303 - <ipython-input-1-ef261c8c5205>[line:420] - WARNING: 当前是第66代:
最优基因为00000001111001101111001111101，                x = 2.989117 best slution 3.066381594544304 optimization:0.0
2022-09-23 04:19:51,331 - <ipython-input-1-ef261c8c5205>[line:420] - WARNING: 当前是第67代:
最优基因为00000001111001101111001111111，                x = 2.9891189999999996 best slution 3.0663895663743004 optimization:7.971829996566981e-06
2022-09-23 04:19:51,365 - <ipython-input-1-ef261c8c5205>[line:420] - WARNING: 当前是第68代:
最优基因为00000001111001101111001111111，                x = 2.9891189999999996 best slution 3.0663895663743004 optimization:0.0
2022-09-23 04:19:51,395 - <ipython-input-1-ef261c8c5205>[line:420] - WARNING: 当前是第69代:
最优基因为00000001111001101111001111101，                x = 2.989117 best slution 3.066381594544304 optimization:-7.971829996566981e-06
2022-09-23 04:19:51,422 - <ipython-input-1-ef261c8c5205>[line:420] - WARNING: 当前是第70代:
最优基因为00000001111001101111001111111，                x = 2.9891189999999996 best slution 3.0663895663743004 optimization:7.971829996566981e-06
2022-09-23 04:19:51,450 - <ipython-input-1-ef261c8c5205>[line:420] - WARNING: 当前是第71代:
最优基因为00000001111001101111001111101，                x = 2.989117 best slution 3.066381594544304 optimization:-7.971829996566981e-06
2022-09-23 04:19:51,479 - <ipython-input-1-ef261c8c5205>[line:420] - WARNING: 当前是第72代:
最优基因为00000001111001101111001111101，                x = 2.989117 best slution 3.066381594544304 optimization:0.0
2022-09-23 04:19:51,514 - <ipython-input-1-ef261c8c5205>[line:420] - WARNING: 当前是第73代:
最优基因为00000001111001101111001111111，                x = 2.9891189999999996 best slution 3.0663895663743004 optimization:7.971829996566981e-06
2022-09-23 04:19:51,543 - <ipython-input-1-ef261c8c5205>[line:420] - WARNING: 当前是第74代:
最优基因为00000001111001101111001111101，                x = 2.989117 best slution 3.066381594544304 optimization:-7.971829996566981e-06
2022-09-23 04:19:51,577 - <ipython-input-1-ef261c8c5205>[line:420] - WARNING: 当前是第75代:
最优基因为00000001111001101111001111101，                x = 2.989117 best slution 3.066381594544304 optimization:0.0
2022-09-23 04:19:51,608 - <ipython-input-1-ef261c8c5205>[line:420] - WARNING: 当前是第76代:
最优基因为00000001111001101111001101111，                x = 2.9891029999999996 best slution 3.0663257921870684 optimization:-5.580235723545712e-05
2022-09-23 04:19:51,644 - <ipython-input-1-ef261c8c5205>[line:420] - WARNING: 当前是第77代:
最优基因为00000001111001101111001101111，                x = 2.9891029999999996 best slution 3.0663257921870684 optimization:0.0
2022-09-23 04:19:51,676 - <ipython-input-1-ef261c8c5205>[line:420] - WARNING: 当前是第78代:
最优基因为00000001111001101111001101101，                x = 2.989101 best slution 3.0663178204864265 optimization:-7.971700641817847e-06
2022-09-23 04:19:51,705 - <ipython-input-1-ef261c8c5205>[line:420] - WARNING: 当前是第79代:
最优基因为00000001111001101111001101101，                x = 2.989101 best slution 3.0663178204864265 optimization:0.0
2022-09-23 04:19:51,734 - <ipython-input-1-ef261c8c5205>[line:420] - WARNING: 当前是第80代:
最优基因为00000001111001101111001101101，                x = 2.989101 best slution 3.0663178204864265 optimization:0.0
2022-09-23 04:19:51,770 - <ipython-input-1-ef261c8c5205>[line:420] - WARNING: 当前是第81代:
最优基因为00000001111001101111001101101，                x = 2.989101 best slution 3.0663178204864265 optimization:0.0
2022-09-23 04:19:51,796 - <ipython-input-1-ef261c8c5205>[line:420] - WARNING: 当前是第82代:
最优基因为00000001111001101111001101101，                x = 2.989101 best slution 3.0663178204864265 optimization:0.0
2022-09-23 04:19:51,825 - <ipython-input-1-ef261c8c5205>[line:420] - WARNING: 当前是第83代:
最优基因为00000001111001101111001101101，                x = 2.989101 best slution 3.0663178204864265 optimization:0.0
2022-09-23 04:19:51,856 - <ipython-input-1-ef261c8c5205>[line:420] - WARNING: 当前是第84代:
最优基因为00000001111001101111001101111，                x = 2.9891029999999996 best slution 3.0663257921870684 optimization:7.971700641817847e-06
2022-09-23 04:19:51,886 - <ipython-input-1-ef261c8c5205>[line:420] - WARNING: 当前是第85代:
最优基因为00000001111001101111001101101，                x = 2.989101 best slution 3.0663178204864265 optimization:-7.971700641817847e-06
2022-09-23 04:19:51,926 - <ipython-input-1-ef261c8c5205>[line:420] - WARNING: 当前是第86代:
最优基因为00000001111001101111001101101，                x = 2.989101 best slution 3.0663178204864265 optimization:0.0
2022-09-23 04:19:51,958 - <ipython-input-1-ef261c8c5205>[line:420] - WARNING: 当前是第87代:
最优基因为00000001111001101111001101101，                x = 2.989101 best slution 3.0663178204864265 optimization:0.0
2022-09-23 04:19:51,987 - <ipython-input-1-ef261c8c5205>[line:420] - WARNING: 当前是第88代:
最优基因为00000001111001101111001101101，                x = 2.989101 best slution 3.0663178204864265 optimization:0.0
2022-09-23 04:19:52,016 - <ipython-input-1-ef261c8c5205>[line:420] - WARNING: 当前是第89代:
最优基因为00000001111001101111001111111，                x = 2.9891189999999996 best slution 3.0663895663743004 optimization:7.174588787384195e-05
2022-09-23 04:19:52,044 - <ipython-input-1-ef261c8c5205>[line:420] - WARNING: 当前是第90代:
最优基因为00000001111001101111001101101，                x = 2.989101 best slution 3.0663178204864265 optimization:-7.174588787384195e-05
2022-09-23 04:19:52,072 - <ipython-input-1-ef261c8c5205>[line:420] - WARNING: 当前是第91代:
最优基因为00000001111001101111001101101，                x = 2.989101 best slution 3.0663178204864265 optimization:0.0
2022-09-23 04:19:52,109 - <ipython-input-1-ef261c8c5205>[line:420] - WARNING: 当前是第92代:
最优基因为00000001111001101111001101111，                x = 2.9891029999999996 best slution 3.0663257921870684 optimization:7.971700641817847e-06
2022-09-23 04:19:52,139 - <ipython-input-1-ef261c8c5205>[line:420] - WARNING: 当前是第93代:
最优基因为00000001111001101111001101101，                x = 2.989101 best slution 3.0663178204864265 optimization:-7.971700641817847e-06
2022-09-23 04:19:52,168 - <ipython-input-1-ef261c8c5205>[line:420] - WARNING: 当前是第94代:
最优基因为00000001111001101111001101101，                x = 2.989101 best slution 3.0663178204864265 optimization:0.0
2022-09-23 04:19:52,203 - <ipython-input-1-ef261c8c5205>[line:420] - WARNING: 当前是第95代:
最优基因为00000001111001101111001101101，                x = 2.989101 best slution 3.0663178204864265 optimization:0.0
2022-09-23 04:19:52,230 - <ipython-input-1-ef261c8c5205>[line:420] - WARNING: 当前是第96代:
最优基因为00000001111001101111001101101，                x = 2.989101 best slution 3.0663178204864265 optimization:0.0
2022-09-23 04:19:52,260 - <ipython-input-1-ef261c8c5205>[line:420] - WARNING: 当前是第97代:
最优基因为00000001111001101111001101111，                x = 2.9891029999999996 best slution 3.0663257921870684 optimization:7.971700641817847e-06
2022-09-23 04:19:52,288 - <ipython-input-1-ef261c8c5205>[line:420] - WARNING: 当前是第98代:
最优基因为00000001111001101111001101101，                x = 2.989101 best slution 3.0663178204864265 optimization:-7.971700641817847e-06
2022-09-23 04:19:52,329 - <ipython-input-1-ef261c8c5205>[line:420] - WARNING: 当前是第99代:
最优基因为00000001111001101111001101101，                x = 2.989101 best slution 3.0663178204864265 optimization:0.0
2022-09-23 04:19:52,362 - <ipython-input-1-ef261c8c5205>[line:420] - WARNING: 当前是第100代:
最优基因为00000001111001101111001101101，                x = 2.989101 best slution 3.0663178204864265 optimization:0.0
2022-09-23 04:19:52,400 - <ipython-input-1-ef261c8c5205>[line:420] - WARNING: 当前是第101代:
最优基因为00000001111001101111001111101，                x = 2.989117 best slution 3.066381594544304 optimization:6.377405787727497e-05
2022-09-23 04:19:52,438 - <ipython-input-1-ef261c8c5205>[line:420] - WARNING: 当前是第102代:
最优基因为00000001111001101111001101101，                x = 2.989101 best slution 3.0663178204864265 optimization:-6.377405787727497e-05
2022-09-23 04:19:52,475 - <ipython-input-1-ef261c8c5205>[line:420] - WARNING: 当前是第103代:
最优基因为00000001111001101111001101101，                x = 2.989101 best slution 3.0663178204864265 optimization:0.0
2022-09-23 04:19:52,504 - <ipython-input-1-ef261c8c5205>[line:420] - WARNING: 当前是第104代:
最优基因为00000001111001101111001101101，                x = 2.989101 best slution 3.0663178204864265 optimization:0.0
2022-09-23 04:19:52,531 - <ipython-input-1-ef261c8c5205>[line:420] - WARNING: 当前是第105代:
最优基因为00000001111001101111001111101，                x = 2.989117 best slution 3.066381594544304 optimization:6.377405787727497e-05
2022-09-23 04:19:52,558 - <ipython-input-1-ef261c8c5205>[line:420] - WARNING: 当前是第106代:
最优基因为00000001111001101111001111101，                x = 2.989117 best slution 3.066381594544304 optimization:0.0
2022-09-23 04:19:52,586 - <ipython-input-1-ef261c8c5205>[line:420] - WARNING: 当前是第107代:
最优基因为00000001111001101111001111101，                x = 2.989117 best slution 3.066381594544304 optimization:0.0
2022-09-23 04:19:52,615 - <ipython-input-1-ef261c8c5205>[line:420] - WARNING: 当前是第108代:
最优基因为00000001111001101111001111101，                x = 2.989117 best slution 3.066381594544304 optimization:0.0
2022-09-23 04:19:52,653 - <ipython-input-1-ef261c8c5205>[line:420] - WARNING: 当前是第109代:
最优基因为00000001111001101111001101101，                x = 2.989101 best slution 3.0663178204864265 optimization:-6.377405787727497e-05
2022-09-23 04:19:52,683 - <ipython-input-1-ef261c8c5205>[line:420] - WARNING: 当前是第110代:
最优基因为00000001111001101111000111101，                x = 2.9890529999999997 best slution 3.0661265045218107 optimization:-0.00019131596461585687
2022-09-23 04:19:52,711 - <ipython-input-1-ef261c8c5205>[line:420] - WARNING: 当前是第111代:
最优基因为00000001111001101111000111101，                x = 2.9890529999999997 best slution 3.0661265045218107 optimization:0.0
2022-09-23 04:19:52,738 - <ipython-input-1-ef261c8c5205>[line:420] - WARNING: 当前是第112代:
最优基因为00000001111001101111000111101，                x = 2.9890529999999997 best slution 3.0661265045218107 optimization:0.0
2022-09-23 04:19:52,770 - <ipython-input-1-ef261c8c5205>[line:420] - WARNING: 当前是第113代:
最优基因为00000001111001101111000111101，                x = 2.9890529999999997 best slution 3.0661265045218107 optimization:0.0
2022-09-23 04:19:52,801 - <ipython-input-1-ef261c8c5205>[line:420] - WARNING: 当前是第114代:
最优基因为00000001111001101111000111101，                x = 2.9890529999999997 best slution 3.0661265045218107 optimization:0.0
2022-09-23 04:19:52,831 - <ipython-input-1-ef261c8c5205>[line:420] - WARNING: 当前是第115代:
最优基因为00000001111001101111000111101，                x = 2.9890529999999997 best slution 3.0661265045218107 optimization:0.0
2022-09-23 04:19:52,859 - <ipython-input-1-ef261c8c5205>[line:420] - WARNING: 当前是第116代:
最优基因为00000001111001101111000111101，                x = 2.9890529999999997 best slution 3.0661265045218107 optimization:0.0
2022-09-23 04:19:52,896 - <ipython-input-1-ef261c8c5205>[line:420] - WARNING: 当前是第117代:
最优基因为00000001111001101111000111101，                x = 2.9890529999999997 best slution 3.0661265045218107 optimization:0.0
2022-09-23 04:19:52,930 - <ipython-input-1-ef261c8c5205>[line:420] - WARNING: 当前是第118代:
最优基因为00000001111001101111000111101，                x = 2.9890529999999997 best slution 3.0661265045218107 optimization:0.0
2022-09-23 04:19:52,967 - <ipython-input-1-ef261c8c5205>[line:420] - WARNING: 当前是第119代:
最优基因为00000001111001101111000111101，                x = 2.9890529999999997 best slution 3.0661265045218107 optimization:0.0
2022-09-23 04:19:52,995 - <ipython-input-1-ef261c8c5205>[line:420] - WARNING: 当前是第120代:
最优基因为00000001111001101111000111101，                x = 2.9890529999999997 best slution 3.0661265045218107 optimization:0.0
2022-09-23 04:19:53,023 - <ipython-input-1-ef261c8c5205>[line:420] - WARNING: 当前是第121代:
最优基因为00000001111001101111000111101，                x = 2.9890529999999997 best slution 3.0661265045218107 optimization:0.0
2022-09-23 04:19:53,027 - <ipython-input-1-ef261c8c5205>[line:430] - WARNING: 小于预设精度1e-06，不再迭代，最优化完成
